2015-12-11 09:08:20.695 [main] DEBUG [c.v.j.r.s.JvsWebApplicationInitializer] - JvsWebApplicationInitializer - server detected : 'standalone'.  
2015-12-11 09:08:20.699 [main] INFO [c.v.j.r.s.SpringContextBootstrapper] - JVS Spring configuration bootstrapping.  
2015-12-11 09:08:20.757 [main] DEBUG [o.s.w.c.s.StandardServletEnvironment] - Adding [servletConfigInitParams] PropertySource with lowest search precedence  
2015-12-11 09:08:20.758 [main] DEBUG [o.s.w.c.s.StandardServletEnvironment] - Adding [servletContextInitParams] PropertySource with lowest search precedence  
2015-12-11 09:08:20.760 [main] DEBUG [o.s.w.c.s.StandardServletEnvironment] - Adding [jndiProperties] PropertySource with lowest search precedence  
2015-12-11 09:08:20.760 [main] DEBUG [o.s.w.c.s.StandardServletEnvironment] - Adding [systemProperties] PropertySource with lowest search precedence  
2015-12-11 09:08:20.761 [main] DEBUG [o.s.w.c.s.StandardServletEnvironment] - Adding [systemEnvironment] PropertySource with lowest search precedence  
2015-12-11 09:08:20.762 [main] DEBUG [o.s.w.c.s.StandardServletEnvironment] - Initialized StandardServletEnvironment with PropertySources [servletConfigInitParams,servletContextInitParams,jndiProperties,systemProperties,systemEnvironment]  
2015-12-11 09:08:20.762 [main] DEBUG [o.s.w.c.s.StandardServletEnvironment] - Activating profile 'standalone'  
2015-12-11 09:08:20.762 [main] DEBUG [o.s.c.e.PropertySourcesPropertyResolver] - Searching for key 'spring.profiles.active' in [servletConfigInitParams]  
2015-12-11 09:08:20.763 [main] DEBUG [o.s.c.e.PropertySourcesPropertyResolver] - Searching for key 'spring.profiles.active' in [servletContextInitParams]  
2015-12-11 09:08:20.763 [main] DEBUG [o.s.c.e.PropertySourcesPropertyResolver] - Searching for key 'spring.profiles.active' in [jndiProperties]  
2015-12-11 09:08:20.763 [main] DEBUG [o.s.j.JndiTemplate] - Looking up JNDI object with name [java:comp/env/spring.profiles.active]  
2015-12-11 09:08:20.764 [main] DEBUG [o.s.j.JndiLocatorDelegate] - Converted JNDI name [java:comp/env/spring.profiles.active] not found - trying original name [spring.profiles.active]. javax.naming.NameNotFoundException; remaining name 'spring.profiles.active'  
2015-12-11 09:08:20.764 [main] DEBUG [o.s.j.JndiTemplate] - Looking up JNDI object with name [spring.profiles.active]  
2015-12-11 09:08:20.764 [main] DEBUG [o.s.j.JndiPropertySource] - JNDI lookup for name [spring.profiles.active] threw NamingException with message: null. Returning null.  
2015-12-11 09:08:20.765 [main] DEBUG [o.s.c.e.PropertySourcesPropertyResolver] - Searching for key 'spring.profiles.active' in [systemProperties]  
2015-12-11 09:08:20.765 [main] DEBUG [o.s.c.e.PropertySourcesPropertyResolver] - Searching for key 'spring.profiles.active' in [systemEnvironment]  
2015-12-11 09:08:20.765 [main] DEBUG [o.s.c.e.PropertySourcesPropertyResolver] - Could not find key 'spring.profiles.active' in any property source. Returning [null]  
2015-12-11 09:08:20.765 [main] DEBUG [c.v.j.r.s.SpringContextBootstrapper] - Looking for 'com.volvo.jvs.env' - checking JVM System Property  
2015-12-11 09:08:20.765 [main] DEBUG [c.v.j.r.s.SpringContextBootstrapper] - JNDI lookup: checking JNDI tree for 'jvs/environmentIdentifier  
2015-12-11 09:08:20.765 [main] DEBUG [c.v.j.r.s.SpringContextBootstrapper] - Looking for Spring profiles that correspond to JVS Standard Environments.  
2015-12-11 09:08:20.766 [main] INFO [o.s.w.c.s.AnnotationConfigWebApplicationContext] - Refreshing JVS Application Context: startup date [Fri Dec 11 09:08:20 CET 2015]; root of context hierarchy  
2015-12-11 09:08:20.791 [main] DEBUG [o.s.c.e.StandardEnvironment] - Adding [systemProperties] PropertySource with lowest search precedence  
2015-12-11 09:08:20.791 [main] DEBUG [o.s.c.e.StandardEnvironment] - Adding [systemEnvironment] PropertySource with lowest search precedence  
2015-12-11 09:08:20.792 [main] DEBUG [o.s.c.e.StandardEnvironment] - Initialized StandardEnvironment with PropertySources [systemProperties,systemEnvironment]  
2015-12-11 09:08:20.807 [main] DEBUG [o.s.c.e.StandardEnvironment] - Adding [systemProperties] PropertySource with lowest search precedence  
2015-12-11 09:08:20.807 [main] DEBUG [o.s.c.e.StandardEnvironment] - Adding [systemEnvironment] PropertySource with lowest search precedence  
2015-12-11 09:08:20.808 [main] DEBUG [o.s.c.e.StandardEnvironment] - Initialized StandardEnvironment with PropertySources [systemProperties,systemEnvironment]  
2015-12-11 09:08:20.811 [main] DEBUG [o.s.c.a.ClassPathBeanDefinitionScanner] - JSR-250 'javax.annotation.ManagedBean' found and supported for component scanning  
2015-12-11 09:08:20.812 [main] DEBUG [o.s.c.a.ClassPathBeanDefinitionScanner] - JSR-330 'javax.inject.Named' annotation found and supported for component scanning  
2015-12-11 09:08:20.813 [main] INFO [o.s.w.c.s.AnnotationConfigWebApplicationContext] - Scanning base packages: [com.volvo.jvs.application.config]  
2015-12-11 09:08:20.815 [main] DEBUG [o.s.c.i.s.PathMatchingResourcePatternResolver] - Resolved location pattern [classpath*:com/volvo/jvs/application/config/**/*.class] to resources []  
2015-12-11 09:08:20.815 [main] DEBUG [o.s.w.c.s.AnnotationConfigWebApplicationContext] - Bean factory for JVS Application Context: org.springframework.beans.factory.support.DefaultListableBeanFactory@7a603a: defining beans [org.springframework.context.annotation.internalConfigurationAnnotationProcessor,org.springframework.context.annotation.internalAutowiredAnnotationProcessor,org.springframework.context.annotation.internalRequiredAnnotationProcessor,org.springframework.context.annotation.internalCommonAnnotationProcessor]; root of factory hierarchy  
2015-12-11 09:08:20.823 [main] DEBUG [o.s.b.f.s.DefaultListableBeanFactory] - Registering scope 'request' with implementation [org.springframework.web.context.request.RequestScope@1a89236]  
2015-12-11 09:08:20.824 [main] DEBUG [o.s.b.f.s.DefaultListableBeanFactory] - Registering scope 'session' with implementation [org.springframework.web.context.request.SessionScope@793ecf]  
2015-12-11 09:08:20.838 [main] DEBUG [o.s.b.f.s.DefaultListableBeanFactory] - Registering scope 'globalSession' with implementation [org.springframework.web.context.request.SessionScope@a97aa]  
2015-12-11 09:08:20.841 [main] DEBUG [o.s.b.f.s.DefaultListableBeanFactory] - Creating shared instance of singleton bean 'org.springframework.context.annotation.internalConfigurationAnnotationProcessor'  
2015-12-11 09:08:20.842 [main] DEBUG [o.s.b.f.s.DefaultListableBeanFactory] - Creating instance of bean 'org.springframework.context.annotation.internalConfigurationAnnotationProcessor'  
2015-12-11 09:08:20.860 [main] DEBUG [o.s.b.f.s.DefaultListableBeanFactory] - Eagerly caching bean 'org.springframework.context.annotation.internalConfigurationAnnotationProcessor' to allow for resolving potential circular references  
2015-12-11 09:08:20.883 [main] DEBUG [o.s.b.f.s.DefaultListableBeanFactory] - Finished creating instance of bean 'org.springframework.context.annotation.internalConfigurationAnnotationProcessor'  
2015-12-11 09:08:20.890 [main] DEBUG [o.s.b.f.s.DefaultListableBeanFactory] - Creating shared instance of singleton bean 'org.springframework.context.annotation.internalAutowiredAnnotationProcessor'  
2015-12-11 09:08:20.891 [main] DEBUG [o.s.b.f.s.DefaultListableBeanFactory] - Creating instance of bean 'org.springframework.context.annotation.internalAutowiredAnnotationProcessor'  
2015-12-11 09:08:20.891 [main] INFO [o.s.b.f.a.AutowiredAnnotationBeanPostProcessor] - JSR-330 'javax.inject.Inject' annotation found and supported for autowiring  
2015-12-11 09:08:20.892 [main] DEBUG [o.s.b.f.s.DefaultListableBeanFactory] - Eagerly caching bean 'org.springframework.context.annotation.internalAutowiredAnnotationProcessor' to allow for resolving potential circular references  
2015-12-11 09:08:20.892 [main] DEBUG [o.s.b.f.s.DefaultListableBeanFactory] - Finished creating instance of bean 'org.springframework.context.annotation.internalAutowiredAnnotationProcessor'  
2015-12-11 09:08:20.920 [main] DEBUG [o.s.b.f.s.DefaultListableBeanFactory] - Creating shared instance of singleton bean 'org.springframework.context.annotation.internalRequiredAnnotationProcessor'  
2015-12-11 09:08:20.920 [main] DEBUG [o.s.b.f.s.DefaultListableBeanFactory] - Creating instance of bean 'org.springframework.context.annotation.internalRequiredAnnotationProcessor'  
2015-12-11 09:08:20.921 [main] DEBUG [o.s.b.f.s.DefaultListableBeanFactory] - Eagerly caching bean 'org.springframework.context.annotation.internalRequiredAnnotationProcessor' to allow for resolving potential circular references  
2015-12-11 09:08:20.921 [main] DEBUG [o.s.b.f.s.DefaultListableBeanFactory] - Finished creating instance of bean 'org.springframework.context.annotation.internalRequiredAnnotationProcessor'  
2015-12-11 09:08:20.922 [main] DEBUG [o.s.b.f.s.DefaultListableBeanFactory] - Creating shared instance of singleton bean 'org.springframework.context.annotation.internalCommonAnnotationProcessor'  
2015-12-11 09:08:20.922 [main] DEBUG [o.s.b.f.s.DefaultListableBeanFactory] - Creating instance of bean 'org.springframework.context.annotation.internalCommonAnnotationProcessor'  
2015-12-11 09:08:20.924 [main] DEBUG [o.s.b.f.s.DefaultListableBeanFactory] - Eagerly caching bean 'org.springframework.context.annotation.internalCommonAnnotationProcessor' to allow for resolving potential circular references  
2015-12-11 09:08:20.925 [main] DEBUG [o.s.b.f.s.DefaultListableBeanFactory] - Finished creating instance of bean 'org.springframework.context.annotation.internalCommonAnnotationProcessor'  
2015-12-11 09:08:20.925 [main] DEBUG [o.s.b.f.s.DefaultListableBeanFactory] - Creating shared instance of singleton bean 'org.springframework.context.annotation.ConfigurationClassPostProcessor.importAwareProcessor'  
2015-12-11 09:08:20.925 [main] DEBUG [o.s.b.f.s.DefaultListableBeanFactory] - Creating instance of bean 'org.springframework.context.annotation.ConfigurationClassPostProcessor.importAwareProcessor'  
2015-12-11 09:08:20.925 [main] DEBUG [o.s.b.f.s.DefaultListableBeanFactory] - Eagerly caching bean 'org.springframework.context.annotation.ConfigurationClassPostProcessor.importAwareProcessor' to allow for resolving potential circular references  
2015-12-11 09:08:20.926 [main] DEBUG [o.s.b.f.s.DefaultListableBeanFactory] - Finished creating instance of bean 'org.springframework.context.annotation.ConfigurationClassPostProcessor.importAwareProcessor'  
2015-12-11 09:08:20.926 [main] DEBUG [o.s.b.f.s.DefaultListableBeanFactory] - Creating shared instance of singleton bean 'org.springframework.context.annotation.ConfigurationClassPostProcessor.enhancedConfigurationProcessor'  
2015-12-11 09:08:20.926 [main] DEBUG [o.s.b.f.s.DefaultListableBeanFactory] - Creating instance of bean 'org.springframework.context.annotation.ConfigurationClassPostProcessor.enhancedConfigurationProcessor'  
2015-12-11 09:08:20.926 [main] DEBUG [o.s.b.f.s.DefaultListableBeanFactory] - Eagerly caching bean 'org.springframework.context.annotation.ConfigurationClassPostProcessor.enhancedConfigurationProcessor' to allow for resolving potential circular references  
2015-12-11 09:08:20.927 [main] DEBUG [o.s.b.f.s.DefaultListableBeanFactory] - Finished creating instance of bean 'org.springframework.context.annotation.ConfigurationClassPostProcessor.enhancedConfigurationProcessor'  
2015-12-11 09:08:20.928 [main] DEBUG [o.s.w.c.s.AnnotationConfigWebApplicationContext] - Unable to locate MessageSource with name 'messageSource': using default [org.springframework.context.support.DelegatingMessageSource@a3108b]  
2015-12-11 09:08:20.931 [main] DEBUG [o.s.w.c.s.AnnotationConfigWebApplicationContext] - Unable to locate ApplicationEventMulticaster with name 'applicationEventMulticaster': using default [org.springframework.context.event.SimpleApplicationEventMulticaster@a545d8]  
2015-12-11 09:08:20.932 [main] DEBUG [o.s.u.c.s.UiApplicationContextUtils] - Unable to locate ThemeSource with name 'themeSource': using default [org.springframework.ui.context.support.ResourceBundleThemeSource@e33338]  
2015-12-11 09:08:20.933 [main] DEBUG [o.s.b.f.s.DefaultListableBeanFactory] - Pre-instantiating singletons in org.springframework.beans.factory.support.DefaultListableBeanFactory@7a603a: defining beans [org.springframework.context.annotation.internalConfigurationAnnotationProcessor,org.springframework.context.annotation.internalAutowiredAnnotationProcessor,org.springframework.context.annotation.internalRequiredAnnotationProcessor,org.springframework.context.annotation.internalCommonAnnotationProcessor,org.springframework.context.annotation.ConfigurationClassPostProcessor.importAwareProcessor,org.springframework.context.annotation.ConfigurationClassPostProcessor.enhancedConfigurationProcessor]; root of factory hierarchy  
2015-12-11 09:08:20.933 [main] DEBUG [o.s.b.f.s.DefaultListableBeanFactory] - Returning cached instance of singleton bean 'org.springframework.context.annotation.internalConfigurationAnnotationProcessor'  
2015-12-11 09:08:20.933 [main] DEBUG [o.s.b.f.s.DefaultListableBeanFactory] - Returning cached instance of singleton bean 'org.springframework.context.annotation.internalAutowiredAnnotationProcessor'  
2015-12-11 09:08:20.934 [main] DEBUG [o.s.b.f.s.DefaultListableBeanFactory] - Returning cached instance of singleton bean 'org.springframework.context.annotation.internalRequiredAnnotationProcessor'  
2015-12-11 09:08:20.934 [main] DEBUG [o.s.b.f.s.DefaultListableBeanFactory] - Returning cached instance of singleton bean 'org.springframework.context.annotation.internalCommonAnnotationProcessor'  
2015-12-11 09:08:20.934 [main] DEBUG [o.s.b.f.s.DefaultListableBeanFactory] - Returning cached instance of singleton bean 'org.springframework.context.annotation.ConfigurationClassPostProcessor.importAwareProcessor'  
2015-12-11 09:08:20.934 [main] DEBUG [o.s.b.f.s.DefaultListableBeanFactory] - Returning cached instance of singleton bean 'org.springframework.context.annotation.ConfigurationClassPostProcessor.enhancedConfigurationProcessor'  
2015-12-11 09:08:20.936 [main] DEBUG [o.s.w.c.s.AnnotationConfigWebApplicationContext] - Unable to locate LifecycleProcessor with name 'lifecycleProcessor': using default [org.springframework.context.support.DefaultLifecycleProcessor@1b2cc]  
2015-12-11 09:08:20.936 [main] DEBUG [o.s.b.f.s.DefaultListableBeanFactory] - Returning cached instance of singleton bean 'lifecycleProcessor'  
2015-12-11 09:08:20.938 [main] DEBUG [o.s.c.e.PropertySourcesPropertyResolver] - Searching for key 'spring.liveBeansView.mbeanDomain' in [servletConfigInitParams]  
2015-12-11 09:08:20.938 [main] DEBUG [o.s.c.e.PropertySourcesPropertyResolver] - Searching for key 'spring.liveBeansView.mbeanDomain' in [servletContextInitParams]  
2015-12-11 09:08:20.938 [main] DEBUG [o.s.c.e.PropertySourcesPropertyResolver] - Searching for key 'spring.liveBeansView.mbeanDomain' in [jndiProperties]  
2015-12-11 09:08:20.939 [main] DEBUG [o.s.j.JndiTemplate] - Looking up JNDI object with name [java:comp/env/spring.liveBeansView.mbeanDomain]  
2015-12-11 09:08:20.939 [main] DEBUG [o.s.j.JndiLocatorDelegate] - Converted JNDI name [java:comp/env/spring.liveBeansView.mbeanDomain] not found - trying original name [spring.liveBeansView.mbeanDomain]. javax.naming.NameNotFoundException; remaining name 'spring.liveBeansView.mbeanDomain'  
2015-12-11 09:08:20.939 [main] DEBUG [o.s.j.JndiTemplate] - Looking up JNDI object with name [spring.liveBeansView.mbeanDomain]  
2015-12-11 09:08:20.939 [main] DEBUG [o.s.j.JndiPropertySource] - JNDI lookup for name [spring.liveBeansView.mbeanDomain] threw NamingException with message: null. Returning null.  
2015-12-11 09:08:20.940 [main] DEBUG [o.s.c.e.PropertySourcesPropertyResolver] - Searching for key 'spring.liveBeansView.mbeanDomain' in [systemProperties]  
2015-12-11 09:08:20.940 [main] DEBUG [o.s.c.e.PropertySourcesPropertyResolver] - Searching for key 'spring.liveBeansView.mbeanDomain' in [systemEnvironment]  
2015-12-11 09:08:20.940 [main] DEBUG [o.s.c.e.PropertySourcesPropertyResolver] - Could not find key 'spring.liveBeansView.mbeanDomain' in any property source. Returning [null]  
2015-12-11 09:08:20.940 [main] INFO [c.v.j.r.s.SpringContextBootstrapper] - --- Active Spring Profiles ---  
2015-12-11 09:08:20.941 [main] INFO [c.v.j.r.s.SpringContextBootstrapper] - 'standalone'  
2015-12-11 09:08:20.941 [main] INFO [c.v.j.r.s.SpringContextBootstrapper] - --- JVS Managed System Properties ---  
2015-12-11 09:08:20.941 [main] DEBUG [o.s.c.e.PropertySourcesPropertyResolver] - Searching for key 'com.volvo.jvs.runtime' in [servletConfigInitParams]  
2015-12-11 09:08:20.941 [main] DEBUG [o.s.c.e.PropertySourcesPropertyResolver] - Searching for key 'com.volvo.jvs.runtime' in [servletContextInitParams]  
2015-12-11 09:08:20.941 [main] DEBUG [o.s.c.e.PropertySourcesPropertyResolver] - Searching for key 'com.volvo.jvs.runtime' in [jndiProperties]  
2015-12-11 09:08:20.941 [main] DEBUG [o.s.j.JndiTemplate] - Looking up JNDI object with name [java:comp/env/com.volvo.jvs.runtime]  
2015-12-11 09:08:20.943 [main] DEBUG [o.s.j.JndiLocatorDelegate] - Converted JNDI name [java:comp/env/com.volvo.jvs.runtime] not found - trying original name [com.volvo.jvs.runtime]. javax.naming.NameNotFoundException; remaining name 'com.volvo.jvs.runtime'  
2015-12-11 09:08:20.943 [main] DEBUG [o.s.j.JndiTemplate] - Looking up JNDI object with name [com.volvo.jvs.runtime]  
2015-12-11 09:08:20.943 [main] DEBUG [o.s.j.JndiPropertySource] - JNDI lookup for name [com.volvo.jvs.runtime] threw NamingException with message: null. Returning null.  
2015-12-11 09:08:20.944 [main] DEBUG [o.s.c.e.PropertySourcesPropertyResolver] - Searching for key 'com.volvo.jvs.runtime' in [systemProperties]  
2015-12-11 09:08:20.944 [main] DEBUG [o.s.c.e.PropertySourcesPropertyResolver] - Found key 'com.volvo.jvs.runtime' in [systemProperties] with type [String] and value 'standalone'  
2015-12-11 09:08:20.946 [main] INFO [c.v.j.r.s.SpringContextBootstrapper] - com.volvo.jvs.runtime system property is 'standalone'  
2015-12-11 09:08:20.946 [main] DEBUG [o.s.c.e.PropertySourcesPropertyResolver] - Searching for key 'com.volvo.jvs.env' in [servletConfigInitParams]  
2015-12-11 09:08:20.947 [main] DEBUG [o.s.c.e.PropertySourcesPropertyResolver] - Searching for key 'com.volvo.jvs.env' in [servletContextInitParams]  
2015-12-11 09:08:20.947 [main] DEBUG [o.s.c.e.PropertySourcesPropertyResolver] - Searching for key 'com.volvo.jvs.env' in [jndiProperties]  
2015-12-11 09:08:20.947 [main] DEBUG [o.s.j.JndiTemplate] - Looking up JNDI object with name [java:comp/env/com.volvo.jvs.env]  
2015-12-11 09:08:20.947 [main] DEBUG [o.s.j.JndiLocatorDelegate] - Converted JNDI name [java:comp/env/com.volvo.jvs.env] not found - trying original name [com.volvo.jvs.env]. javax.naming.NameNotFoundException; remaining name 'com.volvo.jvs.env'  
2015-12-11 09:08:20.948 [main] DEBUG [o.s.j.JndiTemplate] - Looking up JNDI object with name [com.volvo.jvs.env]  
2015-12-11 09:08:20.948 [main] DEBUG [o.s.j.JndiPropertySource] - JNDI lookup for name [com.volvo.jvs.env] threw NamingException with message: null. Returning null.  
2015-12-11 09:08:20.948 [main] DEBUG [o.s.c.e.PropertySourcesPropertyResolver] - Searching for key 'com.volvo.jvs.env' in [systemProperties]  
2015-12-11 09:08:20.948 [main] DEBUG [o.s.c.e.PropertySourcesPropertyResolver] - Searching for key 'com.volvo.jvs.env' in [systemEnvironment]  
2015-12-11 09:08:20.948 [main] DEBUG [o.s.c.e.PropertySourcesPropertyResolver] - Could not find key 'com.volvo.jvs.env' in any property source. Returning [null]  
2015-12-11 09:08:20.949 [main] INFO [c.v.j.r.s.SpringContextBootstrapper] - com.volvo.jvs.env system property is 'null'  
2015-12-11 09:08:20.949 [main] DEBUG [c.v.j.r.s.SpringContextBootstrapper] - Bean defined 'org.springframework.context.annotation.internalConfigurationAnnotationProcessor'.  
2015-12-11 09:08:20.949 [main] DEBUG [c.v.j.r.s.SpringContextBootstrapper] - Bean defined 'org.springframework.context.annotation.internalAutowiredAnnotationProcessor'.  
2015-12-11 09:08:20.949 [main] DEBUG [c.v.j.r.s.SpringContextBootstrapper] - Bean defined 'org.springframework.context.annotation.internalRequiredAnnotationProcessor'.  
2015-12-11 09:08:20.951 [main] DEBUG [c.v.j.r.s.SpringContextBootstrapper] - Bean defined 'org.springframework.context.annotation.internalCommonAnnotationProcessor'.  
2015-12-11 09:08:20.951 [main] DEBUG [c.v.j.r.s.SpringContextBootstrapper] - Bean defined 'org.springframework.context.annotation.ConfigurationClassPostProcessor.importAwareProcessor'.  
2015-12-11 09:08:20.951 [main] DEBUG [c.v.j.r.s.SpringContextBootstrapper] - Bean defined 'org.springframework.context.annotation.ConfigurationClassPostProcessor.enhancedConfigurationProcessor'.  
2015-12-11 09:08:20.967 [main] INFO [o.s.w.c.ContextLoader] - Root WebApplicationContext: initialization started  
2015-12-11 09:08:20.967 [main] DEBUG [o.s.w.c.ContextLoader] - Published root WebApplicationContext as ServletContext attribute with name [org.springframework.web.context.WebApplicationContext.ROOT]  
2015-12-11 09:08:20.968 [main] INFO [o.s.w.c.ContextLoader] - Root WebApplicationContext: initialization completed in 0 ms  
2015-12-11 09:13:07.853 [Thread-1] INFO [o.s.w.c.s.AnnotationConfigWebApplicationContext] - Closing JVS Application Context: startup date [Fri Dec 11 09:08:20 CET 2015]; root of context hierarchy  
2015-12-11 09:13:07.853 [Thread-1] DEBUG [o.s.b.f.s.DefaultListableBeanFactory] - Returning cached instance of singleton bean 'lifecycleProcessor'  
2015-12-11 09:13:07.853 [Thread-1] DEBUG [o.s.b.f.s.DefaultListableBeanFactory] - Destroying singletons in org.springframework.beans.factory.support.DefaultListableBeanFactory@7a603a: defining beans [org.springframework.context.annotation.internalConfigurationAnnotationProcessor,org.springframework.context.annotation.internalAutowiredAnnotationProcessor,org.springframework.context.annotation.internalRequiredAnnotationProcessor,org.springframework.context.annotation.internalCommonAnnotationProcessor,org.springframework.context.annotation.ConfigurationClassPostProcessor.importAwareProcessor,org.springframework.context.annotation.ConfigurationClassPostProcessor.enhancedConfigurationProcessor]; root of factory hierarchy  
2015-12-11 09:14:39.885 [main] DEBUG [c.v.j.r.s.JvsWebApplicationInitializer] - JvsWebApplicationInitializer - server detected : 'standalone'.  
2015-12-11 09:14:39.890 [main] INFO [c.v.j.r.s.SpringContextBootstrapper] - JVS Spring configuration bootstrapping.  
2015-12-11 09:14:39.946 [main] DEBUG [o.s.w.c.s.StandardServletEnvironment] - Adding [servletConfigInitParams] PropertySource with lowest search precedence  
2015-12-11 09:14:39.947 [main] DEBUG [o.s.w.c.s.StandardServletEnvironment] - Adding [servletContextInitParams] PropertySource with lowest search precedence  
2015-12-11 09:14:39.949 [main] DEBUG [o.s.w.c.s.StandardServletEnvironment] - Adding [jndiProperties] PropertySource with lowest search precedence  
2015-12-11 09:14:39.949 [main] DEBUG [o.s.w.c.s.StandardServletEnvironment] - Adding [systemProperties] PropertySource with lowest search precedence  
2015-12-11 09:14:39.950 [main] DEBUG [o.s.w.c.s.StandardServletEnvironment] - Adding [systemEnvironment] PropertySource with lowest search precedence  
2015-12-11 09:14:39.950 [main] DEBUG [o.s.w.c.s.StandardServletEnvironment] - Initialized StandardServletEnvironment with PropertySources [servletConfigInitParams,servletContextInitParams,jndiProperties,systemProperties,systemEnvironment]  
2015-12-11 09:14:39.951 [main] DEBUG [o.s.w.c.s.StandardServletEnvironment] - Activating profile 'standalone'  
2015-12-11 09:14:39.951 [main] DEBUG [o.s.c.e.PropertySourcesPropertyResolver] - Searching for key 'spring.profiles.active' in [servletConfigInitParams]  
2015-12-11 09:14:39.951 [main] DEBUG [o.s.c.e.PropertySourcesPropertyResolver] - Searching for key 'spring.profiles.active' in [servletContextInitParams]  
2015-12-11 09:14:39.951 [main] DEBUG [o.s.c.e.PropertySourcesPropertyResolver] - Searching for key 'spring.profiles.active' in [jndiProperties]  
2015-12-11 09:14:39.952 [main] DEBUG [o.s.j.JndiTemplate] - Looking up JNDI object with name [java:comp/env/spring.profiles.active]  
2015-12-11 09:14:39.952 [main] DEBUG [o.s.j.JndiLocatorDelegate] - Converted JNDI name [java:comp/env/spring.profiles.active] not found - trying original name [spring.profiles.active]. javax.naming.NameNotFoundException; remaining name 'spring.profiles.active'  
2015-12-11 09:14:39.953 [main] DEBUG [o.s.j.JndiTemplate] - Looking up JNDI object with name [spring.profiles.active]  
2015-12-11 09:14:39.953 [main] DEBUG [o.s.j.JndiPropertySource] - JNDI lookup for name [spring.profiles.active] threw NamingException with message: null. Returning null.  
2015-12-11 09:14:39.953 [main] DEBUG [o.s.c.e.PropertySourcesPropertyResolver] - Searching for key 'spring.profiles.active' in [systemProperties]  
2015-12-11 09:14:39.954 [main] DEBUG [o.s.c.e.PropertySourcesPropertyResolver] - Searching for key 'spring.profiles.active' in [systemEnvironment]  
2015-12-11 09:14:39.954 [main] DEBUG [o.s.c.e.PropertySourcesPropertyResolver] - Could not find key 'spring.profiles.active' in any property source. Returning [null]  
2015-12-11 09:14:39.954 [main] DEBUG [c.v.j.r.s.SpringContextBootstrapper] - Looking for 'com.volvo.jvs.env' - checking JVM System Property  
2015-12-11 09:14:39.954 [main] DEBUG [c.v.j.r.s.SpringContextBootstrapper] - JNDI lookup: checking JNDI tree for 'jvs/environmentIdentifier  
2015-12-11 09:14:39.955 [main] DEBUG [c.v.j.r.s.SpringContextBootstrapper] - Looking for Spring profiles that correspond to JVS Standard Environments.  
2015-12-11 09:14:39.956 [main] INFO [o.s.w.c.s.AnnotationConfigWebApplicationContext] - Refreshing JVS Application Context: startup date [Fri Dec 11 09:14:39 CET 2015]; root of context hierarchy  
2015-12-11 09:14:39.981 [main] DEBUG [o.s.c.e.StandardEnvironment] - Adding [systemProperties] PropertySource with lowest search precedence  
2015-12-11 09:14:39.981 [main] DEBUG [o.s.c.e.StandardEnvironment] - Adding [systemEnvironment] PropertySource with lowest search precedence  
2015-12-11 09:14:39.981 [main] DEBUG [o.s.c.e.StandardEnvironment] - Initialized StandardEnvironment with PropertySources [systemProperties,systemEnvironment]  
2015-12-11 09:14:39.995 [main] DEBUG [o.s.c.e.StandardEnvironment] - Adding [systemProperties] PropertySource with lowest search precedence  
2015-12-11 09:14:39.996 [main] DEBUG [o.s.c.e.StandardEnvironment] - Adding [systemEnvironment] PropertySource with lowest search precedence  
2015-12-11 09:14:39.996 [main] DEBUG [o.s.c.e.StandardEnvironment] - Initialized StandardEnvironment with PropertySources [systemProperties,systemEnvironment]  
2015-12-11 09:14:39.999 [main] DEBUG [o.s.c.a.ClassPathBeanDefinitionScanner] - JSR-250 'javax.annotation.ManagedBean' found and supported for component scanning  
2015-12-11 09:14:39.999 [main] DEBUG [o.s.c.a.ClassPathBeanDefinitionScanner] - JSR-330 'javax.inject.Named' annotation found and supported for component scanning  
2015-12-11 09:14:40.001 [main] INFO [o.s.w.c.s.AnnotationConfigWebApplicationContext] - Scanning base packages: [com.volvo.jvs.application.config]  
2015-12-11 09:14:40.002 [main] DEBUG [o.s.c.i.s.PathMatchingResourcePatternResolver] - Resolved location pattern [classpath*:com/volvo/jvs/application/config/**/*.class] to resources []  
2015-12-11 09:14:40.026 [main] DEBUG [o.s.w.c.s.AnnotationConfigWebApplicationContext] - Bean factory for JVS Application Context: org.springframework.beans.factory.support.DefaultListableBeanFactory@161e261: defining beans [org.springframework.context.annotation.internalConfigurationAnnotationProcessor,org.springframework.context.annotation.internalAutowiredAnnotationProcessor,org.springframework.context.annotation.internalRequiredAnnotationProcessor,org.springframework.context.annotation.internalCommonAnnotationProcessor]; root of factory hierarchy  
2015-12-11 09:14:40.034 [main] DEBUG [o.s.b.f.s.DefaultListableBeanFactory] - Registering scope 'request' with implementation [org.springframework.web.context.request.RequestScope@1083a26]  
2015-12-11 09:14:40.035 [main] DEBUG [o.s.b.f.s.DefaultListableBeanFactory] - Registering scope 'session' with implementation [org.springframework.web.context.request.SessionScope@5bf68]  
2015-12-11 09:14:40.070 [main] DEBUG [o.s.b.f.s.DefaultListableBeanFactory] - Registering scope 'globalSession' with implementation [org.springframework.web.context.request.SessionScope@159857b]  
2015-12-11 09:14:40.073 [main] DEBUG [o.s.b.f.s.DefaultListableBeanFactory] - Creating shared instance of singleton bean 'org.springframework.context.annotation.internalConfigurationAnnotationProcessor'  
2015-12-11 09:14:40.074 [main] DEBUG [o.s.b.f.s.DefaultListableBeanFactory] - Creating instance of bean 'org.springframework.context.annotation.internalConfigurationAnnotationProcessor'  
2015-12-11 09:14:40.088 [main] DEBUG [o.s.b.f.s.DefaultListableBeanFactory] - Eagerly caching bean 'org.springframework.context.annotation.internalConfigurationAnnotationProcessor' to allow for resolving potential circular references  
2015-12-11 09:14:40.090 [main] DEBUG [o.s.b.f.s.DefaultListableBeanFactory] - Finished creating instance of bean 'org.springframework.context.annotation.internalConfigurationAnnotationProcessor'  
2015-12-11 09:14:40.109 [main] DEBUG [o.s.b.f.s.DefaultListableBeanFactory] - Creating shared instance of singleton bean 'org.springframework.context.annotation.internalAutowiredAnnotationProcessor'  
2015-12-11 09:14:40.109 [main] DEBUG [o.s.b.f.s.DefaultListableBeanFactory] - Creating instance of bean 'org.springframework.context.annotation.internalAutowiredAnnotationProcessor'  
2015-12-11 09:14:40.110 [main] INFO [o.s.b.f.a.AutowiredAnnotationBeanPostProcessor] - JSR-330 'javax.inject.Inject' annotation found and supported for autowiring  
2015-12-11 09:14:40.110 [main] DEBUG [o.s.b.f.s.DefaultListableBeanFactory] - Eagerly caching bean 'org.springframework.context.annotation.internalAutowiredAnnotationProcessor' to allow for resolving potential circular references  
2015-12-11 09:14:40.110 [main] DEBUG [o.s.b.f.s.DefaultListableBeanFactory] - Finished creating instance of bean 'org.springframework.context.annotation.internalAutowiredAnnotationProcessor'  
2015-12-11 09:14:40.111 [main] DEBUG [o.s.b.f.s.DefaultListableBeanFactory] - Creating shared instance of singleton bean 'org.springframework.context.annotation.internalRequiredAnnotationProcessor'  
2015-12-11 09:14:40.111 [main] DEBUG [o.s.b.f.s.DefaultListableBeanFactory] - Creating instance of bean 'org.springframework.context.annotation.internalRequiredAnnotationProcessor'  
2015-12-11 09:14:40.112 [main] DEBUG [o.s.b.f.s.DefaultListableBeanFactory] - Eagerly caching bean 'org.springframework.context.annotation.internalRequiredAnnotationProcessor' to allow for resolving potential circular references  
2015-12-11 09:14:40.112 [main] DEBUG [o.s.b.f.s.DefaultListableBeanFactory] - Finished creating instance of bean 'org.springframework.context.annotation.internalRequiredAnnotationProcessor'  
2015-12-11 09:14:40.127 [main] DEBUG [o.s.b.f.s.DefaultListableBeanFactory] - Creating shared instance of singleton bean 'org.springframework.context.annotation.internalCommonAnnotationProcessor'  
2015-12-11 09:14:40.127 [main] DEBUG [o.s.b.f.s.DefaultListableBeanFactory] - Creating instance of bean 'org.springframework.context.annotation.internalCommonAnnotationProcessor'  
2015-12-11 09:14:40.129 [main] DEBUG [o.s.b.f.s.DefaultListableBeanFactory] - Eagerly caching bean 'org.springframework.context.annotation.internalCommonAnnotationProcessor' to allow for resolving potential circular references  
2015-12-11 09:14:40.130 [main] DEBUG [o.s.b.f.s.DefaultListableBeanFactory] - Finished creating instance of bean 'org.springframework.context.annotation.internalCommonAnnotationProcessor'  
2015-12-11 09:14:40.171 [main] DEBUG [o.s.b.f.s.DefaultListableBeanFactory] - Creating shared instance of singleton bean 'org.springframework.context.annotation.ConfigurationClassPostProcessor.importAwareProcessor'  
2015-12-11 09:14:40.171 [main] DEBUG [o.s.b.f.s.DefaultListableBeanFactory] - Creating instance of bean 'org.springframework.context.annotation.ConfigurationClassPostProcessor.importAwareProcessor'  
2015-12-11 09:14:40.172 [main] DEBUG [o.s.b.f.s.DefaultListableBeanFactory] - Eagerly caching bean 'org.springframework.context.annotation.ConfigurationClassPostProcessor.importAwareProcessor' to allow for resolving potential circular references  
2015-12-11 09:14:40.172 [main] DEBUG [o.s.b.f.s.DefaultListableBeanFactory] - Finished creating instance of bean 'org.springframework.context.annotation.ConfigurationClassPostProcessor.importAwareProcessor'  
2015-12-11 09:14:40.199 [main] DEBUG [o.s.b.f.s.DefaultListableBeanFactory] - Creating shared instance of singleton bean 'org.springframework.context.annotation.ConfigurationClassPostProcessor.enhancedConfigurationProcessor'  
2015-12-11 09:14:40.200 [main] DEBUG [o.s.b.f.s.DefaultListableBeanFactory] - Creating instance of bean 'org.springframework.context.annotation.ConfigurationClassPostProcessor.enhancedConfigurationProcessor'  
2015-12-11 09:14:40.200 [main] DEBUG [o.s.b.f.s.DefaultListableBeanFactory] - Eagerly caching bean 'org.springframework.context.annotation.ConfigurationClassPostProcessor.enhancedConfigurationProcessor' to allow for resolving potential circular references  
2015-12-11 09:14:40.200 [main] DEBUG [o.s.b.f.s.DefaultListableBeanFactory] - Finished creating instance of bean 'org.springframework.context.annotation.ConfigurationClassPostProcessor.enhancedConfigurationProcessor'  
2015-12-11 09:14:40.264 [main] DEBUG [o.s.w.c.s.AnnotationConfigWebApplicationContext] - Unable to locate MessageSource with name 'messageSource': using default [org.springframework.context.support.DelegatingMessageSource@de0c9d]  
2015-12-11 09:14:40.266 [main] DEBUG [o.s.w.c.s.AnnotationConfigWebApplicationContext] - Unable to locate ApplicationEventMulticaster with name 'applicationEventMulticaster': using default [org.springframework.context.event.SimpleApplicationEventMulticaster@13712a]  
2015-12-11 09:14:40.267 [main] DEBUG [o.s.u.c.s.UiApplicationContextUtils] - Unable to locate ThemeSource with name 'themeSource': using default [org.springframework.ui.context.support.ResourceBundleThemeSource@f433f]  
2015-12-11 09:14:40.268 [main] DEBUG [o.s.b.f.s.DefaultListableBeanFactory] - Pre-instantiating singletons in org.springframework.beans.factory.support.DefaultListableBeanFactory@161e261: defining beans [org.springframework.context.annotation.internalConfigurationAnnotationProcessor,org.springframework.context.annotation.internalAutowiredAnnotationProcessor,org.springframework.context.annotation.internalRequiredAnnotationProcessor,org.springframework.context.annotation.internalCommonAnnotationProcessor,org.springframework.context.annotation.ConfigurationClassPostProcessor.importAwareProcessor,org.springframework.context.annotation.ConfigurationClassPostProcessor.enhancedConfigurationProcessor]; root of factory hierarchy  
2015-12-11 09:14:40.268 [main] DEBUG [o.s.b.f.s.DefaultListableBeanFactory] - Returning cached instance of singleton bean 'org.springframework.context.annotation.internalConfigurationAnnotationProcessor'  
2015-12-11 09:14:40.268 [main] DEBUG [o.s.b.f.s.DefaultListableBeanFactory] - Returning cached instance of singleton bean 'org.springframework.context.annotation.internalAutowiredAnnotationProcessor'  
2015-12-11 09:14:40.307 [main] DEBUG [o.s.b.f.s.DefaultListableBeanFactory] - Returning cached instance of singleton bean 'org.springframework.context.annotation.internalRequiredAnnotationProcessor'  
2015-12-11 09:14:40.307 [main] DEBUG [o.s.b.f.s.DefaultListableBeanFactory] - Returning cached instance of singleton bean 'org.springframework.context.annotation.internalCommonAnnotationProcessor'  
2015-12-11 09:14:40.307 [main] DEBUG [o.s.b.f.s.DefaultListableBeanFactory] - Returning cached instance of singleton bean 'org.springframework.context.annotation.ConfigurationClassPostProcessor.importAwareProcessor'  
2015-12-11 09:14:40.308 [main] DEBUG [o.s.b.f.s.DefaultListableBeanFactory] - Returning cached instance of singleton bean 'org.springframework.context.annotation.ConfigurationClassPostProcessor.enhancedConfigurationProcessor'  
2015-12-11 09:14:40.346 [main] DEBUG [o.s.w.c.s.AnnotationConfigWebApplicationContext] - Unable to locate LifecycleProcessor with name 'lifecycleProcessor': using default [org.springframework.context.support.DefaultLifecycleProcessor@af0d96]  
2015-12-11 09:14:40.346 [main] DEBUG [o.s.b.f.s.DefaultListableBeanFactory] - Returning cached instance of singleton bean 'lifecycleProcessor'  
2015-12-11 09:14:40.348 [main] DEBUG [o.s.c.e.PropertySourcesPropertyResolver] - Searching for key 'spring.liveBeansView.mbeanDomain' in [servletConfigInitParams]  
2015-12-11 09:14:40.348 [main] DEBUG [o.s.c.e.PropertySourcesPropertyResolver] - Searching for key 'spring.liveBeansView.mbeanDomain' in [servletContextInitParams]  
2015-12-11 09:14:40.348 [main] DEBUG [o.s.c.e.PropertySourcesPropertyResolver] - Searching for key 'spring.liveBeansView.mbeanDomain' in [jndiProperties]  
2015-12-11 09:14:40.348 [main] DEBUG [o.s.j.JndiTemplate] - Looking up JNDI object with name [java:comp/env/spring.liveBeansView.mbeanDomain]  
2015-12-11 09:14:40.388 [main] DEBUG [o.s.j.JndiLocatorDelegate] - Converted JNDI name [java:comp/env/spring.liveBeansView.mbeanDomain] not found - trying original name [spring.liveBeansView.mbeanDomain]. javax.naming.NameNotFoundException; remaining name 'spring.liveBeansView.mbeanDomain'  
2015-12-11 09:14:40.389 [main] DEBUG [o.s.j.JndiTemplate] - Looking up JNDI object with name [spring.liveBeansView.mbeanDomain]  
2015-12-11 09:14:40.389 [main] DEBUG [o.s.j.JndiPropertySource] - JNDI lookup for name [spring.liveBeansView.mbeanDomain] threw NamingException with message: null. Returning null.  
2015-12-11 09:14:40.389 [main] DEBUG [o.s.c.e.PropertySourcesPropertyResolver] - Searching for key 'spring.liveBeansView.mbeanDomain' in [systemProperties]  
2015-12-11 09:14:40.389 [main] DEBUG [o.s.c.e.PropertySourcesPropertyResolver] - Searching for key 'spring.liveBeansView.mbeanDomain' in [systemEnvironment]  
2015-12-11 09:14:40.390 [main] DEBUG [o.s.c.e.PropertySourcesPropertyResolver] - Could not find key 'spring.liveBeansView.mbeanDomain' in any property source. Returning [null]  
2015-12-11 09:14:40.426 [main] INFO [c.v.j.r.s.SpringContextBootstrapper] - --- Active Spring Profiles ---  
2015-12-11 09:14:40.426 [main] INFO [c.v.j.r.s.SpringContextBootstrapper] - 'standalone'  
2015-12-11 09:14:40.426 [main] INFO [c.v.j.r.s.SpringContextBootstrapper] - --- JVS Managed System Properties ---  
2015-12-11 09:14:40.427 [main] DEBUG [o.s.c.e.PropertySourcesPropertyResolver] - Searching for key 'com.volvo.jvs.runtime' in [servletConfigInitParams]  
2015-12-11 09:14:40.427 [main] DEBUG [o.s.c.e.PropertySourcesPropertyResolver] - Searching for key 'com.volvo.jvs.runtime' in [servletContextInitParams]  
2015-12-11 09:14:40.427 [main] DEBUG [o.s.c.e.PropertySourcesPropertyResolver] - Searching for key 'com.volvo.jvs.runtime' in [jndiProperties]  
2015-12-11 09:14:40.427 [main] DEBUG [o.s.j.JndiTemplate] - Looking up JNDI object with name [java:comp/env/com.volvo.jvs.runtime]  
2015-12-11 09:14:40.470 [main] DEBUG [o.s.j.JndiLocatorDelegate] - Converted JNDI name [java:comp/env/com.volvo.jvs.runtime] not found - trying original name [com.volvo.jvs.runtime]. javax.naming.NameNotFoundException; remaining name 'com.volvo.jvs.runtime'  
2015-12-11 09:14:40.470 [main] DEBUG [o.s.j.JndiTemplate] - Looking up JNDI object with name [com.volvo.jvs.runtime]  
2015-12-11 09:14:40.470 [main] DEBUG [o.s.j.JndiPropertySource] - JNDI lookup for name [com.volvo.jvs.runtime] threw NamingException with message: null. Returning null.  
2015-12-11 09:14:40.470 [main] DEBUG [o.s.c.e.PropertySourcesPropertyResolver] - Searching for key 'com.volvo.jvs.runtime' in [systemProperties]  
2015-12-11 09:14:40.471 [main] DEBUG [o.s.c.e.PropertySourcesPropertyResolver] - Found key 'com.volvo.jvs.runtime' in [systemProperties] with type [String] and value 'standalone'  
2015-12-11 09:14:40.472 [main] INFO [c.v.j.r.s.SpringContextBootstrapper] - com.volvo.jvs.runtime system property is 'standalone'  
2015-12-11 09:14:40.504 [main] DEBUG [o.s.c.e.PropertySourcesPropertyResolver] - Searching for key 'com.volvo.jvs.env' in [servletConfigInitParams]  
2015-12-11 09:14:40.504 [main] DEBUG [o.s.c.e.PropertySourcesPropertyResolver] - Searching for key 'com.volvo.jvs.env' in [servletContextInitParams]  
2015-12-11 09:14:40.504 [main] DEBUG [o.s.c.e.PropertySourcesPropertyResolver] - Searching for key 'com.volvo.jvs.env' in [jndiProperties]  
2015-12-11 09:14:40.504 [main] DEBUG [o.s.j.JndiTemplate] - Looking up JNDI object with name [java:comp/env/com.volvo.jvs.env]  
2015-12-11 09:14:40.505 [main] DEBUG [o.s.j.JndiLocatorDelegate] - Converted JNDI name [java:comp/env/com.volvo.jvs.env] not found - trying original name [com.volvo.jvs.env]. javax.naming.NameNotFoundException; remaining name 'com.volvo.jvs.env'  
2015-12-11 09:14:40.505 [main] DEBUG [o.s.j.JndiTemplate] - Looking up JNDI object with name [com.volvo.jvs.env]  
2015-12-11 09:14:40.506 [main] DEBUG [o.s.j.JndiPropertySource] - JNDI lookup for name [com.volvo.jvs.env] threw NamingException with message: null. Returning null.  
2015-12-11 09:14:40.530 [main] DEBUG [o.s.c.e.PropertySourcesPropertyResolver] - Searching for key 'com.volvo.jvs.env' in [systemProperties]  
2015-12-11 09:14:40.530 [main] DEBUG [o.s.c.e.PropertySourcesPropertyResolver] - Searching for key 'com.volvo.jvs.env' in [systemEnvironment]  
2015-12-11 09:14:40.530 [main] DEBUG [o.s.c.e.PropertySourcesPropertyResolver] - Could not find key 'com.volvo.jvs.env' in any property source. Returning [null]  
2015-12-11 09:14:40.530 [main] INFO [c.v.j.r.s.SpringContextBootstrapper] - com.volvo.jvs.env system property is 'null'  
2015-12-11 09:14:40.530 [main] DEBUG [c.v.j.r.s.SpringContextBootstrapper] - Bean defined 'org.springframework.context.annotation.internalConfigurationAnnotationProcessor'.  
2015-12-11 09:14:40.531 [main] DEBUG [c.v.j.r.s.SpringContextBootstrapper] - Bean defined 'org.springframework.context.annotation.internalAutowiredAnnotationProcessor'.  
2015-12-11 09:14:40.531 [main] DEBUG [c.v.j.r.s.SpringContextBootstrapper] - Bean defined 'org.springframework.context.annotation.internalRequiredAnnotationProcessor'.  
2015-12-11 09:14:40.531 [main] DEBUG [c.v.j.r.s.SpringContextBootstrapper] - Bean defined 'org.springframework.context.annotation.internalCommonAnnotationProcessor'.  
2015-12-11 09:14:40.532 [main] DEBUG [c.v.j.r.s.SpringContextBootstrapper] - Bean defined 'org.springframework.context.annotation.ConfigurationClassPostProcessor.importAwareProcessor'.  
2015-12-11 09:14:40.532 [main] DEBUG [c.v.j.r.s.SpringContextBootstrapper] - Bean defined 'org.springframework.context.annotation.ConfigurationClassPostProcessor.enhancedConfigurationProcessor'.  
2015-12-11 09:14:40.544 [main] INFO [o.s.w.c.ContextLoader] - Root WebApplicationContext: initialization started  
2015-12-11 09:14:40.545 [main] DEBUG [o.s.w.c.ContextLoader] - Published root WebApplicationContext as ServletContext attribute with name [org.springframework.web.context.WebApplicationContext.ROOT]  
2015-12-11 09:14:40.545 [main] INFO [o.s.w.c.ContextLoader] - Root WebApplicationContext: initialization completed in 0 ms  
2015-12-11 09:18:31.313 [Thread-1] INFO [o.s.w.c.s.AnnotationConfigWebApplicationContext] - Closing JVS Application Context: startup date [Fri Dec 11 09:14:39 CET 2015]; root of context hierarchy  
2015-12-11 09:18:31.314 [Thread-1] DEBUG [o.s.b.f.s.DefaultListableBeanFactory] - Returning cached instance of singleton bean 'lifecycleProcessor'  
2015-12-11 09:18:31.314 [Thread-1] DEBUG [o.s.b.f.s.DefaultListableBeanFactory] - Destroying singletons in org.springframework.beans.factory.support.DefaultListableBeanFactory@161e261: defining beans [org.springframework.context.annotation.internalConfigurationAnnotationProcessor,org.springframework.context.annotation.internalAutowiredAnnotationProcessor,org.springframework.context.annotation.internalRequiredAnnotationProcessor,org.springframework.context.annotation.internalCommonAnnotationProcessor,org.springframework.context.annotation.ConfigurationClassPostProcessor.importAwareProcessor,org.springframework.context.annotation.ConfigurationClassPostProcessor.enhancedConfigurationProcessor]; root of factory hierarchy  
